<?xml version="1.0" encoding="UTF-8"?>
<testsuite xmlns:xsi="http://www.w3.org/2001/XMLSchema-instance" xsi:noNamespaceSchemaLocation="https://maven.apache.org/surefire/maven-surefire-plugin/xsd/surefire-test-report-3.0.xsd" version="3.0" name="CatTest" time="0.628" tests="4" errors="0" skipped="0" failures="0">
  <properties>
[...]
</properties>
  <testcase name="testGetSound(String)[1]" classname="CatTest" time="0.543"/>
  <testcase name="testGetFood(List)[1]" classname="CatTest" time="0.018"/>
  <testcase name="testGetFood(List)[2]" classname="CatTest" time="0.001"/>
  <testcase name="testGetFood(List)[3]" classname="CatTest" time="0.001"/>
</testsuite>